<?xml version="1.0" encoding="UTF-8"?>
<testsuite name="ch.noseryoung.devOps.DevOpsApplicationTests" tests="1" skipped="0" failures="0" errors="0" timestamp="2019-11-20T13:26:45" hostname="Noels-MacBook-Pro.local" time="0.32">
  <properties/>
  <testcase name="contextLoads()" classname="ch.noseryoung.devOps.DevOpsApplicationTests" time="0.32"/>
  <system-out><![CDATA[14:26:43.776 [Test worker] DEBUG org.springframework.test.context.BootstrapUtils - Instantiating CacheAwareContextLoaderDelegate from class [org.springframework.test.context.cache.DefaultCacheAwareContextLoaderDelegate]
14:26:43.788 [Test worker] DEBUG org.springframework.test.context.BootstrapUtils - Instantiating BootstrapContext using constructor [public org.springframework.test.context.support.DefaultBootstrapContext(java.lang.Class,org.springframework.test.context.CacheAwareContextLoaderDelegate)]
14:26:43.813 [Test worker] DEBUG org.springframework.test.context.BootstrapUtils - Instantiating TestContextBootstrapper for test class [ch.noseryoung.devOps.DevOpsApplicationTests] from class [org.springframework.boot.test.context.SpringBootTestContextBootstrapper]
14:26:43.826 [Test worker] INFO org.springframework.boot.test.context.SpringBootTestContextBootstrapper - Neither @ContextConfiguration nor @ContextHierarchy found for test class [ch.noseryoung.devOps.DevOpsApplicationTests], using SpringBootContextLoader
14:26:43.830 [Test worker] DEBUG org.springframework.test.context.support.AbstractContextLoader - Did not detect default resource location for test class [ch.noseryoung.devOps.DevOpsApplicationTests]: class path resource [ch/noseryoung/devOps/DevOpsApplicationTests-context.xml] does not exist
14:26:43.831 [Test worker] DEBUG org.springframework.test.context.support.AbstractContextLoader - Did not detect default resource location for test class [ch.noseryoung.devOps.DevOpsApplicationTests]: class path resource [ch/noseryoung/devOps/DevOpsApplicationTestsContext.groovy] does not exist
14:26:43.832 [Test worker] INFO org.springframework.test.context.support.AbstractContextLoader - Could not detect default resource locations for test class [ch.noseryoung.devOps.DevOpsApplicationTests]: no resource found for suffixes {-context.xml, Context.groovy}.
14:26:43.833 [Test worker] INFO org.springframework.test.context.support.AnnotationConfigContextLoaderUtils - Could not detect default configuration classes for test class [ch.noseryoung.devOps.DevOpsApplicationTests]: DevOpsApplicationTests does not declare any static, non-private, non-final, nested classes annotated with @Configuration.
14:26:43.869 [Test worker] DEBUG org.springframework.test.context.support.ActiveProfilesUtils - Could not find an 'annotation declaring class' for annotation type [org.springframework.test.context.ActiveProfiles] and class [ch.noseryoung.devOps.DevOpsApplicationTests]
14:26:43.924 [Test worker] DEBUG org.springframework.context.annotation.ClassPathScanningCandidateComponentProvider - Identified candidate component class: file [/Users/noelmonnerat/Downloads/devOps/build/classes/java/main/ch/noseryoung/devOps/DevOpsApplication.class]
14:26:43.926 [Test worker] INFO org.springframework.boot.test.context.SpringBootTestContextBootstrapper - Found @SpringBootConfiguration ch.noseryoung.devOps.DevOpsApplication for test class ch.noseryoung.devOps.DevOpsApplicationTests
14:26:44.016 [Test worker] DEBUG org.springframework.boot.test.context.SpringBootTestContextBootstrapper - @TestExecutionListeners is not present for class [ch.noseryoung.devOps.DevOpsApplicationTests]: using defaults.
14:26:44.017 [Test worker] INFO org.springframework.boot.test.context.SpringBootTestContextBootstrapper - Loaded default TestExecutionListener class names from location [META-INF/spring.factories]: [org.springframework.boot.test.autoconfigure.restdocs.RestDocsTestExecutionListener, org.springframework.boot.test.autoconfigure.web.client.MockRestServiceServerResetTestExecutionListener, org.springframework.boot.test.autoconfigure.web.servlet.MockMvcPrintOnlyOnFailureTestExecutionListener, org.springframework.boot.test.autoconfigure.web.servlet.WebDriverTestExecutionListener, org.springframework.boot.test.mock.mockito.MockitoTestExecutionListener, org.springframework.boot.test.mock.mockito.ResetMocksTestExecutionListener, org.springframework.test.context.web.ServletTestExecutionListener, org.springframework.test.context.support.DirtiesContextBeforeModesTestExecutionListener, org.springframework.test.context.support.DependencyInjectionTestExecutionListener, org.springframework.test.context.support.DirtiesContextTestExecutionListener, org.springframework.test.context.transaction.TransactionalTestExecutionListener, org.springframework.test.context.jdbc.SqlScriptsTestExecutionListener, org.springframework.test.context.event.EventPublishingTestExecutionListener]
14:26:44.024 [Test worker] DEBUG org.springframework.boot.test.context.SpringBootTestContextBootstrapper - Skipping candidate TestExecutionListener [org.springframework.test.context.transaction.TransactionalTestExecutionListener] due to a missing dependency. Specify custom listener classes or make the default listener classes and their required dependencies available. Offending class: [org/springframework/transaction/interceptor/TransactionAttributeSource]
14:26:44.025 [Test worker] DEBUG org.springframework.boot.test.context.SpringBootTestContextBootstrapper - Skipping candidate TestExecutionListener [org.springframework.test.context.jdbc.SqlScriptsTestExecutionListener] due to a missing dependency. Specify custom listener classes or make the default listener classes and their required dependencies available. Offending class: [org/springframework/transaction/interceptor/TransactionAttribute]
14:26:44.026 [Test worker] INFO org.springframework.boot.test.context.SpringBootTestContextBootstrapper - Using TestExecutionListeners: [org.springframework.test.context.web.ServletTestExecutionListener@7550a848, org.springframework.test.context.support.DirtiesContextBeforeModesTestExecutionListener@b07dc22, org.springframework.boot.test.mock.mockito.MockitoTestExecutionListener@2e1af8c1, org.springframework.boot.test.autoconfigure.SpringBootDependencyInjectionTestExecutionListener@6945f008, org.springframework.test.context.support.DirtiesContextTestExecutionListener@19a70780, org.springframework.test.context.event.EventPublishingTestExecutionListener@2c743e5a, org.springframework.boot.test.autoconfigure.restdocs.RestDocsTestExecutionListener@55d107e5, org.springframework.boot.test.autoconfigure.web.client.MockRestServiceServerResetTestExecutionListener@135268e7, org.springframework.boot.test.autoconfigure.web.servlet.MockMvcPrintOnlyOnFailureTestExecutionListener@3268e60a, org.springframework.boot.test.autoconfigure.web.servlet.WebDriverTestExecutionListener@3fe388f3, org.springframework.boot.test.mock.mockito.ResetMocksTestExecutionListener@62504ec5]
14:26:44.030 [Test worker] DEBUG org.springframework.test.context.support.AbstractDirtiesContextTestExecutionListener - Before test class: context [DefaultTestContext@41dc12cf testClass = DevOpsApplicationTests, testInstance = [null], testMethod = [null], testException = [null], mergedContextConfiguration = [WebMergedContextConfiguration@114e1d7e testClass = DevOpsApplicationTests, locations = '{}', classes = '{class ch.noseryoung.devOps.DevOpsApplication}', contextInitializerClasses = '[]', activeProfiles = '{}', propertySourceLocations = '{}', propertySourceProperties = '{org.springframework.boot.test.context.SpringBootTestContextBootstrapper=true}', contextCustomizers = set[org.springframework.boot.test.autoconfigure.properties.PropertyMappingContextCustomizer@0, org.springframework.boot.test.autoconfigure.web.servlet.WebDriverContextCustomizerFactory$Customizer@4b012d68, org.springframework.boot.test.context.filter.ExcludeFilterContextCustomizer@7cbd401a, org.springframework.boot.test.json.DuplicateJsonObjectContextCustomizerFactory$DuplicateJsonObjectContextCustomizer@1ce23b94, org.springframework.boot.test.mock.mockito.MockitoContextCustomizer@0, org.springframework.boot.test.web.client.TestRestTemplateContextCustomizer@21d7e4fe], resourceBasePath = 'src/main/webapp', contextLoader = 'org.springframework.boot.test.context.SpringBootContextLoader', parent = [null]], attributes = map['org.springframework.test.context.web.ServletTestExecutionListener.activateListener' -> true]], class annotated with @DirtiesContext [false] with mode [null].
14:26:44.057 [Test worker] DEBUG org.springframework.test.context.support.TestPropertySourceUtils - Adding inlined properties to environment: {spring.jmx.enabled=false, org.springframework.boot.test.context.SpringBootTestContextBootstrapper=true, server.port=-1}

  .   ____          _            __ _ _
 /\\ / ___'_ __ _ _(_)_ __  __ _ \ \ \ \
( ( )\___ | '_ | '_| | '_ \/ _` | \ \ \ \
 \\/  ___)| |_)| | | | | || (_| |  ) ) ) )
  '  |____| .__|_| |_|_| |_\__, | / / / /
 =========|_|==============|___/=/_/_/_/
 :: Spring Boot ::        (v2.2.1.RELEASE)

2019-11-20 14:26:44.515  INFO 26390 --- [    Test worker] c.n.devOps.DevOpsApplicationTests        : Starting DevOpsApplicationTests on Noels-MacBook-Pro.local with PID 26390 (started by noelmonnerat in /Users/noelmonnerat/Downloads/devOps)
2019-11-20 14:26:44.517  INFO 26390 --- [    Test worker] c.n.devOps.DevOpsApplicationTests        : No active profile set, falling back to default profiles: default
2019-11-20 14:26:45.568  INFO 26390 --- [    Test worker] o.s.s.concurrent.ThreadPoolTaskExecutor  : Initializing ExecutorService 'applicationTaskExecutor'
2019-11-20 14:26:45.808  INFO 26390 --- [    Test worker] c.n.devOps.DevOpsApplicationTests        : Started DevOpsApplicationTests in 1.743 seconds (JVM running for 2.782)
]]></system-out>
  <system-err><![CDATA[]]></system-err>
</testsuite>
